Copyright 1986-2018 Xilinx, Inc. All Rights Reserved.
-----------------------------------------------------------------------------------------
| Tool Version : Vivado v.2018.3 (lin64) Build 2405991 Thu Dec  6 23:36:41 MST 2018
| Date         : Sat Aug 17 16:44:00 2019
| Host         : apurvan-HP-Pavilion-Laptop-15-cc129tx running 64-bit Ubuntu 18.04.3 LTS
| Command      : report_control_sets -verbose -file top_control_sets_placed.rpt
| Design       : top
| Device       : xc7z020
-----------------------------------------------------------------------------------------

Control Set Information

Table of Contents
-----------------
1. Summary
2. Histogram
3. Flip-Flop Distribution
4. Detailed Control Set Information

1. Summary
----------

+----------------------------------------------------------+-------+
|                          Status                          | Count |
+----------------------------------------------------------+-------+
| Number of unique control sets                            |     6 |
| Unused register locations in slices containing registers |     9 |
+----------------------------------------------------------+-------+


2. Histogram
------------

+--------+--------------+
| Fanout | Control Sets |
+--------+--------------+
|      5 |            2 |
|      8 |            2 |
|     15 |            1 |
|    16+ |            1 |
+--------+--------------+


3. Flip-Flop Distribution
-------------------------

+--------------+-----------------------+------------------------+-----------------+--------------+
| Clock Enable | Synchronous Set/Reset | Asynchronous Set/Reset | Total Registers | Total Slices |
+--------------+-----------------------+------------------------+-----------------+--------------+
| No           | No                    | No                     |              20 |            9 |
| No           | No                    | Yes                    |              13 |            5 |
| No           | Yes                   | No                     |               0 |            0 |
| Yes          | No                    | No                     |               0 |            0 |
| Yes          | No                    | Yes                    |               0 |            0 |
| Yes          | Yes                   | No                     |              38 |           10 |
+--------------+-----------------------+------------------------+-----------------+--------------+


4. Detailed Control Set Information
-----------------------------------

+--------------+-----------------------+------------------------------+------------------+----------------+
| Clock Signal |     Enable Signal     |       Set/Reset Signal       | Slice Load Count | Bel Load Count |
+--------------+-----------------------+------------------------------+------------------+----------------+
| ~clk         |                       |                              |                2 |              5 |
| ~clk         |                       | enc_inst/lreset              |                2 |              5 |
|  clk         |                       | enc_inst/lreset              |                3 |              8 |
|  clk         | data_gen_inst/p_1_in0 | data_gen_inst/sr[31]_i_1_n_0 |                2 |              8 |
|  clk         |                       |                              |                7 |             15 |
|  clk         | data_gen_inst/sel     | data_gen_inst/rst            |                8 |             30 |
+--------------+-----------------------+------------------------------+------------------+----------------+


