Release 14.7 Map P.20131013 (lin64)
Xilinx Mapping Report File for Design 'top'

Design Information
------------------
Command Line   : map -intstyle ise -p xc5vlx110t-ff1136-1 -w -logic_opt off -ol
high -t 1 -register_duplication off -global_opt off -mt off -cm area -ir off -pr
off -lc off -power off -o top_map.ncd top.ngd top.pcf 
Target Device  : xc5vlx110t
Target Package : ff1136
Target Speed   : -1
Mapper Version : virtex5 -- $Revision: 1.55 $
Mapped Date    : Tue Aug 20 22:43:02 2019

Design Summary
--------------
Number of errors:      0
Number of warnings:   24
Slice Logic Utilization:
  Number of Slice Registers:                   203 out of  69,120    1%
    Number used as Flip Flops:                 203
  Number of Slice LUTs:                        232 out of  69,120    1%
    Number used as logic:                      231 out of  69,120    1%
      Number using O6 output only:             201
      Number using O5 output only:              27
      Number using O5 and O6:                    3
    Number used as exclusive route-thru:         1
  Number of route-thrus:                        28
    Number using O6 output only:                28

Slice Logic Distribution:
  Number of occupied Slices:                   114 out of  17,280    1%
  Number of LUT Flip Flop pairs used:          284
    Number with an unused Flip Flop:            81 out of     284   28%
    Number with an unused LUT:                  52 out of     284   18%
    Number of fully used LUT-FF pairs:         151 out of     284   53%
    Number of unique control sets:               6
    Number of slice register sites lost
      to control set restrictions:               9 out of  69,120    1%

  A LUT Flip Flop pair for this architecture represents one LUT paired with
  one Flip Flop within a slice.  A control set is a unique combination of
  clock, reset, set, and enable signals for a registered element.
  The Slice Logic Distribution report is not meaningful if the design is
  over-mapped for a non-slice resource or if Placement fails.
  OVERMAPPING of BRAM resources should be ignored if the design is
  over-mapped for a non-BRAM resource or if placement fails.

IO Utilization:
  Number of bonded IOBs:                        16 out of     640    2%
    Number of LOCed IOBs:                       16 out of      16  100%
    IOB Master Pads:                             6
    IOB Slave Pads:                              6

Specific Feature Utilization:
  Number of BUFG/BUFGCTRLs:                      2 out of      32    6%
    Number used as BUFGs:                        2
  Number of OSERDESs:                           12
  Number of PLL_ADVs:                            1 out of       6   16%

Average Fanout of Non-Clock Nets:                4.13

Peak Memory Usage:  966 MB
Total REAL time to MAP completion:  19 secs 
Total CPU time to MAP completion:   19 secs 

Table of Contents
-----------------
Section 1 - Errors
Section 2 - Warnings
Section 3 - Informational
Section 4 - Removed Logic Summary
Section 5 - Removed Logic
Section 6 - IOB Properties
Section 7 - RPMs
Section 8 - Guide Report
Section 9 - Area Group and Partition Summary
Section 10 - Timing Report
Section 11 - Configuration String Information
Section 12 - Control Set Information
Section 13 - Utilization by Hierarchy

Section 1 - Errors
------------------

Section 2 - Warnings
--------------------
WARNING:PhysDesignRules:1350 - Issue with pin connections and/or configuration
   on block:<serdes_inst_data1/slave_serdes_inst_data0>:<OSERDES_OSERDES>.  The
   use of INIT_OQ requires the OQ output pin to be connected.
WARNING:PhysDesignRules:1351 - Issue with pin connections and/or configuration
   on block:<serdes_inst_data1/slave_serdes_inst_data0>:<OSERDES_OSERDES>.  The
   use of SRVAL_OQ requires the OQ output pin to be connected.
WARNING:PhysDesignRules:1362 - Unexpected programming for comp
   serdes_inst_data1/slave_serdes_inst_data0 with TRISTATE_WIDTH. DATA_RATE_TQ
   set DDR expects TRISTATE_WIDTH to be set 4. 
WARNING:PhysDesignRules:1362 - Unexpected programming for comp
   serdes_inst_clk/master_serdes_inst_data0 with TRISTATE_WIDTH. DATA_RATE_TQ
   set DDR expects TRISTATE_WIDTH to be set 4. 
WARNING:PhysDesignRules:1350 - Issue with pin connections and/or configuration
   on block:<serdes_inst_data3/slave_serdes_inst_data0>:<OSERDES_OSERDES>.  The
   use of INIT_OQ requires the OQ output pin to be connected.
WARNING:PhysDesignRules:1351 - Issue with pin connections and/or configuration
   on block:<serdes_inst_data3/slave_serdes_inst_data0>:<OSERDES_OSERDES>.  The
   use of SRVAL_OQ requires the OQ output pin to be connected.
WARNING:PhysDesignRules:1362 - Unexpected programming for comp
   serdes_inst_data3/slave_serdes_inst_data0 with TRISTATE_WIDTH. DATA_RATE_TQ
   set DDR expects TRISTATE_WIDTH to be set 4. 
WARNING:PhysDesignRules:1362 - Unexpected programming for comp
   serdes_inst_data0/master_serdes_inst_data0 with TRISTATE_WIDTH. DATA_RATE_TQ
   set DDR expects TRISTATE_WIDTH to be set 4. 
WARNING:PhysDesignRules:1362 - Unexpected programming for comp
   serdes_inst_data1/master_serdes_inst_data0 with TRISTATE_WIDTH. DATA_RATE_TQ
   set DDR expects TRISTATE_WIDTH to be set 4. 
WARNING:PhysDesignRules:1350 - Issue with pin connections and/or configuration
   on block:<serdes_inst_data0/slave_serdes_inst_data0>:<OSERDES_OSERDES>.  The
   use of INIT_OQ requires the OQ output pin to be connected.
WARNING:PhysDesignRules:1351 - Issue with pin connections and/or configuration
   on block:<serdes_inst_data0/slave_serdes_inst_data0>:<OSERDES_OSERDES>.  The
   use of SRVAL_OQ requires the OQ output pin to be connected.
WARNING:PhysDesignRules:1362 - Unexpected programming for comp
   serdes_inst_data0/slave_serdes_inst_data0 with TRISTATE_WIDTH. DATA_RATE_TQ
   set DDR expects TRISTATE_WIDTH to be set 4. 
WARNING:PhysDesignRules:1362 - Unexpected programming for comp
   serdes_inst_data2/master_serdes_inst_data0 with TRISTATE_WIDTH. DATA_RATE_TQ
   set DDR expects TRISTATE_WIDTH to be set 4. 
WARNING:PhysDesignRules:1350 - Issue with pin connections and/or configuration
   on block:<serdes_inst_data2/slave_serdes_inst_data0>:<OSERDES_OSERDES>.  The
   use of INIT_OQ requires the OQ output pin to be connected.
WARNING:PhysDesignRules:1351 - Issue with pin connections and/or configuration
   on block:<serdes_inst_data2/slave_serdes_inst_data0>:<OSERDES_OSERDES>.  The
   use of SRVAL_OQ requires the OQ output pin to be connected.
WARNING:PhysDesignRules:1362 - Unexpected programming for comp
   serdes_inst_data2/slave_serdes_inst_data0 with TRISTATE_WIDTH. DATA_RATE_TQ
   set DDR expects TRISTATE_WIDTH to be set 4. 
WARNING:PhysDesignRules:1362 - Unexpected programming for comp
   serdes_inst_data3/master_serdes_inst_data0 with TRISTATE_WIDTH. DATA_RATE_TQ
   set DDR expects TRISTATE_WIDTH to be set 4. 
WARNING:PhysDesignRules:1350 - Issue with pin connections and/or configuration
   on block:<serdes_inst_data4/slave_serdes_inst_data0>:<OSERDES_OSERDES>.  The
   use of INIT_OQ requires the OQ output pin to be connected.
WARNING:PhysDesignRules:1351 - Issue with pin connections and/or configuration
   on block:<serdes_inst_data4/slave_serdes_inst_data0>:<OSERDES_OSERDES>.  The
   use of SRVAL_OQ requires the OQ output pin to be connected.
WARNING:PhysDesignRules:1362 - Unexpected programming for comp
   serdes_inst_data4/slave_serdes_inst_data0 with TRISTATE_WIDTH. DATA_RATE_TQ
   set DDR expects TRISTATE_WIDTH to be set 4. 
WARNING:PhysDesignRules:1362 - Unexpected programming for comp
   serdes_inst_data4/master_serdes_inst_data0 with TRISTATE_WIDTH. DATA_RATE_TQ
   set DDR expects TRISTATE_WIDTH to be set 4. 
WARNING:PhysDesignRules:1350 - Issue with pin connections and/or configuration
   on block:<serdes_inst_clk/slave_serdes_inst_data0>:<OSERDES_OSERDES>.  The
   use of INIT_OQ requires the OQ output pin to be connected.
WARNING:PhysDesignRules:1351 - Issue with pin connections and/or configuration
   on block:<serdes_inst_clk/slave_serdes_inst_data0>:<OSERDES_OSERDES>.  The
   use of SRVAL_OQ requires the OQ output pin to be connected.
WARNING:PhysDesignRules:1362 - Unexpected programming for comp
   serdes_inst_clk/slave_serdes_inst_data0 with TRISTATE_WIDTH. DATA_RATE_TQ set
   DDR expects TRISTATE_WIDTH to be set 4. 

Section 3 - Informational
-------------------------
INFO:MapLib:562 - No environment variables are currently set.
INFO:MapLib:841 - Changing COMPENSATION attribute from SYSTEM_SYNCHRONOUS to
   INTERNAL for PLL_ADV PLL_BASE_inst1.
INFO:LIT:244 - All of the single ended outputs in this design are using slew
   rate limited output drivers. The delay on speed critical single ended outputs
   can be dramatically reduced by designating them as fast outputs.
INFO:Pack:1716 - Initializing temperature to 85.000 Celsius. (default - Range:
   0.000 to 85.000 Celsius)
INFO:Pack:1720 - Initializing voltage to 0.950 Volts. (default - Range: 0.950 to
   1.050 Volts)
INFO:Map:215 - The Interim Design Summary has been generated in the MAP Report
   (.mrp).
INFO:Pack:1650 - Map created a placed design.

Section 4 - Removed Logic Summary
---------------------------------
   1 block(s) removed
   2 block(s) optimized away

Section 5 - Removed Logic
-------------------------

The trimmed logic report below shows the logic removed from your design due to
sourceless or loadless signals, and VCC or ground connections.  If the removal
of a signal or symbol results in the subsequent removal of an additional signal
or symbol, the message explaining that second removal will be indented.  This
indentation will be repeated as a chain of related logic is removed.

To quickly locate the original cause for the removal of a chain of logic, look
above the place where that logic is listed in the trimming report, then locate
the lines that are least indented (begin at the leftmost edge).

Loadless block "BUFG_inst2" (CKBUF) removed.

Optimized Block(s):
TYPE 		BLOCK
GND 		XST_GND
VCC 		XST_VCC

To enable printing of redundant blocks removed and signals merged, set the
detailed map report option and rerun map.

Section 6 - IOB Properties
--------------------------

+---------------------------------------------------------------------------------------------------------------------------------------------------------+
| IOB Name                           | Type             | Direction | IO Standard          | Diff  | Drive    | Slew | Reg (s)      | Resistor | IOB      |
|                                    |                  |           |                      | Term  | Strength | Rate |              |          | Delay    |
+---------------------------------------------------------------------------------------------------------------------------------------------------------+
| CLK_LANE_N                         | IOBS             | OUTPUT    | LVDS_25              |       |          |      |              |          |          |
| CLK_LANE_P                         | IOBM             | OUTPUT    | LVDS_25              |       |          |      | OSERDES      |          |          |
| DATA_LANE_0_N                      | IOBS             | OUTPUT    | LVDS_25              |       |          |      |              |          |          |
| DATA_LANE_0_P                      | IOBM             | OUTPUT    | LVDS_25              |       |          |      | OSERDES      |          |          |
| DATA_LANE_1_N                      | IOBS             | OUTPUT    | LVDS_25              |       |          |      |              |          |          |
| DATA_LANE_1_P                      | IOBM             | OUTPUT    | LVDS_25              |       |          |      | OSERDES      |          |          |
| DATA_LANE_2_N                      | IOBS             | OUTPUT    | LVDS_25              |       |          |      |              |          |          |
| DATA_LANE_2_P                      | IOBM             | OUTPUT    | LVDS_25              |       |          |      | OSERDES      |          |          |
| DATA_LANE_3_N                      | IOBS             | OUTPUT    | LVDS_25              |       |          |      |              |          |          |
| DATA_LANE_3_P                      | IOBM             | OUTPUT    | LVDS_25              |       |          |      | OSERDES      |          |          |
| DATA_LANE_4_N                      | IOBS             | OUTPUT    | LVDS_25              |       |          |      |              |          |          |
| DATA_LANE_4_P                      | IOBM             | OUTPUT    | LVDS_25              |       |          |      | OSERDES      |          |          |
| LED                                | IOB              | OUTPUT    | LVCMOS25             |       | 12       | SLOW |              |          |          |
| RESET                              | IOB              | INPUT     | LVCMOS25             |       |          |      |              |          |          |
| SWITCH                             | IOB              | INPUT     | LVCMOS25             |       |          |      |              |          |          |
| USER_CLK                           | IOB              | INPUT     | LVCMOS25             |       |          |      |              |          |          |
+---------------------------------------------------------------------------------------------------------------------------------------------------------+

Section 7 - RPMs
----------------

Section 8 - Guide Report
------------------------
Guide not run on this design.

Section 9 - Area Group and Partition Summary
--------------------------------------------

Partition Implementation Status
-------------------------------

  No Partitions were found in this design.

-------------------------------

Area Group Information
----------------------

  No area groups were found in this design.

----------------------

Section 10 - Timing Report
--------------------------
A logic-level (pre-route) timing report can be generated by using Xilinx static
timing analysis tools, Timing Analyzer (GUI) or TRCE (command line), with the
mapped NCD and PCF files. Please note that this timing report will be generated
using estimated delay information. For accurate numbers, please generate a
timing report with the post Place and Route NCD file.

For more information about the Timing Analyzer, consult the Xilinx Timing
Analyzer Reference Manual; for more information about TRCE, consult the Xilinx
Command Line Tools User Guide "TRACE" chapter.

Section 11 - Configuration String Details
-----------------------------------------
Use the "-detail" map option to print out Configuration Strings

Section 12 - Control Set Information
------------------------------------
Use the "-detail" map option to print out Control Set Information.

Section 13 - Utilization by Hierarchy
-------------------------------------
Use the "-detail" map option to print out the Utilization by Hierarchy section.
