synthesis:  version Diamond (64-bit) 3.10.0.111.2

Copyright (c) 1991-1994 by NeoCAD Inc. All rights reserved.
Copyright (c) 1995 AT&T Corp.   All rights reserved.
Copyright (c) 1995-2001 Lucent Technologies Inc.  All rights reserved.
Copyright (c) 2001 Agere Systems   All rights reserved.
Copyright (c) 2002-2017 Lattice Semiconductor Corporation,  All rights reserved.
Wed Aug 21 18:52:36 2019


Command Line:  synthesis -f data_transfer_impl1_lattice.synproj -gui -msgset /home/apurvan/GSoC/BER_measurement_5_Lane/MachXO2/proj/promote.xml 

Synthesis options:
The -a option is MachXO2.
The -s option is 6.
The -t option is TQFP100.
The -d option is LCMXO2-2000HC.
Using package TQFP100.
Using performance grade 6.
                                                          

##########################################################

### Lattice Family : MachXO2

### Device  : LCMXO2-2000HC

### Package : TQFP100

### Speed   : 6

##########################################################

                                                          

INFO - synthesis: User-Selected Strategy Settings
Optimization goal = Balanced
Top-level module name = top.
Target frequency = 200.000000 MHz.
Maximum fanout = 1000.
Timing path count = 3
BRAM utilization = 100.000000 %
DSP usage = true
DSP utilization = 100.000000 %
fsm_encoding_style = auto
resolve_mixed_drivers = 0
fix_gated_clocks = 1

Mux style = Auto
Use Carry Chain = true
carry_chain_length = 0
Loop Limit = 1950.
Use IO Insertion = TRUE
Use IO Reg = AUTO

Resource Sharing = TRUE
Propagate Constants = TRUE
Remove Duplicate Registers = TRUE
force_gsr = auto
ROM style = auto
RAM style = auto
The -comp option is FALSE.
The -syn option is FALSE.
-p /usr/local/diamond/3.10_x64/ispfpga/xo2c00/data (searchpath added)
-p /home/apurvan/GSoC/BER_measurement_5_Lane/MachXO2/proj/impl1 (searchpath added)
-p /home/apurvan/GSoC/BER_measurement_5_Lane/MachXO2/proj (searchpath added)
VHDL library = work
VHDL design file = /home/apurvan/GSoC/BER_measurement_5_Lane/MachXO2/src/async_fifo.vhd
VHDL design file = /home/apurvan/GSoC/BER_measurement_5_Lane/MachXO2/src/ddrx4.vhd
VHDL design file = /home/apurvan/GSoC/BER_measurement_5_Lane/MachXO2/src/dec_8b10b.vhd
VHDL design file = /home/apurvan/GSoC/BER_measurement_5_Lane/MachXO2/src/deserializer.vhd
VHDL design file = /home/apurvan/GSoC/BER_measurement_5_Lane/MachXO2/src/ft601.vhd
VHDL design file = /home/apurvan/GSoC/BER_measurement_5_Lane/MachXO2/src/prng_recv.vhd
VHDL design file = /home/apurvan/GSoC/BER_measurement_5_Lane/MachXO2/src/rx_sync.vhd
VHDL design file = /home/apurvan/GSoC/BER_measurement_5_Lane/MachXO2/src/top.vhd
VHDL design file = /home/apurvan/GSoC/BER_measurement_5_Lane/MachXO2/src/calc_ber.vhd
NGD file = data_transfer_impl1.ngd
-sdc option: SDC file input not used.
-lpf option: Output file option is ON.
Hardtimer checking is enabled (default). The -dt option is not used.
The -r option is OFF. [ Remove LOC Properties is OFF. ]
Technology check ok...

Analyzing Verilog file /usr/local/diamond/3.10_x64/ispfpga/userware/unix/SYNTHESIS_HEADERS/machxo2.v. VERI-1482
Compile design.
Compile Design Begin
INFO - synthesis: The default VHDL library search path is now "/home/apurvan/GSoC/BER_measurement_5_Lane/MachXO2/proj/impl1". VHDL-1504
Analyzing VHDL file /home/apurvan/GSoC/BER_measurement_5_Lane/MachXO2/src/async_fifo.vhd. VHDL-1481
INFO - synthesis: /home/apurvan/GSoC/BER_measurement_5_Lane/MachXO2/src/async_fifo.vhd(14): analyzing entity async_fifo. VHDL-1012
INFO - synthesis: /home/apurvan/GSoC/BER_measurement_5_Lane/MachXO2/src/async_fifo.vhd(30): analyzing architecture structure. VHDL-1010
unit top is not yet analyzed. VHDL-1485
Analyzing VHDL file /home/apurvan/GSoC/BER_measurement_5_Lane/MachXO2/src/ddrx4.vhd. VHDL-1481
INFO - synthesis: /home/apurvan/GSoC/BER_measurement_5_Lane/MachXO2/src/ddrx4.vhd(6): analyzing entity ddrx4. VHDL-1012
INFO - synthesis: /home/apurvan/GSoC/BER_measurement_5_Lane/MachXO2/src/ddrx4.vhd(23): analyzing architecture structure. VHDL-1010
unit top is not yet analyzed. VHDL-1485
Analyzing VHDL file /home/apurvan/GSoC/BER_measurement_5_Lane/MachXO2/src/dec_8b10b.vhd. VHDL-1481
INFO - synthesis: /home/apurvan/GSoC/BER_measurement_5_Lane/MachXO2/src/dec_8b10b.vhd(57): analyzing entity dec_8b10b. VHDL-1012
INFO - synthesis: /home/apurvan/GSoC/BER_measurement_5_Lane/MachXO2/src/dec_8b10b.vhd(67): analyzing architecture behavioral. VHDL-1010
unit top is not yet analyzed. VHDL-1485
Analyzing VHDL file /home/apurvan/GSoC/BER_measurement_5_Lane/MachXO2/src/deserializer.vhd. VHDL-1481
INFO - synthesis: /home/apurvan/GSoC/BER_measurement_5_Lane/MachXO2/src/deserializer.vhd(26): analyzing entity deserializer. VHDL-1012
INFO - synthesis: /home/apurvan/GSoC/BER_measurement_5_Lane/MachXO2/src/deserializer.vhd(39): analyzing architecture rtl. VHDL-1010
unit top is not yet analyzed. VHDL-1485
Analyzing VHDL file /home/apurvan/GSoC/BER_measurement_5_Lane/MachXO2/src/ft601.vhd. VHDL-1481
INFO - synthesis: /home/apurvan/GSoC/BER_measurement_5_Lane/MachXO2/src/ft601.vhd(25): analyzing entity ft601. VHDL-1012
INFO - synthesis: /home/apurvan/GSoC/BER_measurement_5_Lane/MachXO2/src/ft601.vhd(50): analyzing architecture rtl. VHDL-1010
unit top is not yet analyzed. VHDL-1485
Analyzing VHDL file /home/apurvan/GSoC/BER_measurement_5_Lane/MachXO2/src/prng_recv.vhd. VHDL-1481
INFO - synthesis: /home/apurvan/GSoC/BER_measurement_5_Lane/MachXO2/src/prng_recv.vhd(21): analyzing entity prng_recv. VHDL-1012
INFO - synthesis: /home/apurvan/GSoC/BER_measurement_5_Lane/MachXO2/src/prng_recv.vhd(40): analyzing architecture rtl. VHDL-1010
unit top is not yet analyzed. VHDL-1485
Analyzing VHDL file /home/apurvan/GSoC/BER_measurement_5_Lane/MachXO2/src/rx_sync.vhd. VHDL-1481
INFO - synthesis: /home/apurvan/GSoC/BER_measurement_5_Lane/MachXO2/src/rx_sync.vhd(8): analyzing entity rx_sync. VHDL-1012
INFO - synthesis: /home/apurvan/GSoC/BER_measurement_5_Lane/MachXO2/src/rx_sync.vhd(21): analyzing architecture rtl. VHDL-1010
unit top is not yet analyzed. VHDL-1485
Analyzing VHDL file /home/apurvan/GSoC/BER_measurement_5_Lane/MachXO2/src/calc_ber.vhd. VHDL-1481
INFO - synthesis: /home/apurvan/GSoC/BER_measurement_5_Lane/MachXO2/src/calc_ber.vhd(19): analyzing entity calc_ber. VHDL-1012
INFO - synthesis: /home/apurvan/GSoC/BER_measurement_5_Lane/MachXO2/src/calc_ber.vhd(30): analyzing architecture rtl. VHDL-1010
unit top is not yet analyzed. VHDL-1485
Analyzing VHDL file /home/apurvan/GSoC/BER_measurement_5_Lane/MachXO2/src/top.vhd. VHDL-1481
INFO - synthesis: /home/apurvan/GSoC/BER_measurement_5_Lane/MachXO2/src/top.vhd(26): analyzing entity top. VHDL-1012
INFO - synthesis: /home/apurvan/GSoC/BER_measurement_5_Lane/MachXO2/src/top.vhd(48): analyzing architecture rtl_top. VHDL-1010
unit top is not yet analyzed. VHDL-1485
unit top is not yet analyzed. VHDL-1485
/home/apurvan/GSoC/BER_measurement_5_Lane/MachXO2/src/top.vhd(26): executing top(rtl_top)

WARNING - synthesis: /home/apurvan/GSoC/BER_measurement_5_Lane/MachXO2/src/top.vhd(46): replacing existing netlist top(rtl_top). VHDL-1205
Top module name (VHDL): top
Loading NGL library '/usr/local/diamond/3.10_x64/ispfpga/xo2c00a/data/xo2alib.ngl'...
Loading NGL library '/usr/local/diamond/3.10_x64/ispfpga/xo2c00/data/xo2clib.ngl'...
Loading NGL library '/usr/local/diamond/3.10_x64/ispfpga/mg5g00/data/mg5glib.ngl'...
Loading NGL library '/usr/local/diamond/3.10_x64/ispfpga/or5g00/data/orc5glib.ngl'...
Loading device for application map from file 'xo2c2000.nph' in environment: /usr/local/diamond/3.10_x64/ispfpga.
Package Status:                     Final          Version 1.44.
Top-level module name = top.
WARNING - synthesis: Initial value found on net fifo_wr_en will be ignored due to unrecognized driver type
WARNING - synthesis: Initial value found on net sclk will be ignored due to unrecognized driver type
WARNING - synthesis: Initial value found on net link_rdy will be ignored due to unrecognized driver type
WARNING - synthesis: Initial value found on net q40_buf[39] will be ignored due to unrecognized driver type
WARNING - synthesis: Initial value found on net q40_buf[38] will be ignored due to unrecognized driver type
WARNING - synthesis: Initial value found on net q40_buf[37] will be ignored due to unrecognized driver type
WARNING - synthesis: Initial value found on net q40_buf[36] will be ignored due to unrecognized driver type
WARNING - synthesis: Initial value found on net q40_buf[35] will be ignored due to unrecognized driver type
WARNING - synthesis: Initial value found on net q40_buf[34] will be ignored due to unrecognized driver type
WARNING - synthesis: Initial value found on net q40_buf[33] will be ignored due to unrecognized driver type
WARNING - synthesis: Initial value found on net q40_buf[32] will be ignored due to unrecognized driver type
WARNING - synthesis: Initial value found on net q40_buf[31] will be ignored due to unrecognized driver type
WARNING - synthesis: Initial value found on net q40_buf[30] will be ignored due to unrecognized driver type
WARNING - synthesis: Initial value found on net q40_buf[29] will be ignored due to unrecognized driver type
WARNING - synthesis: Initial value found on net q40_buf[28] will be ignored due to unrecognized driver type
WARNING - synthesis: Initial value found on net q40_buf[27] will be ignored due to unrecognized driver type
WARNING - synthesis: Initial value found on net q40_buf[26] will be ignored due to unrecognized driver type
WARNING - synthesis: Initial value found on net q40_buf[25] will be ignored due to unrecognized driver type
WARNING - synthesis: Initial value found on net q40_buf[24] will be ignored due to unrecognized driver type
WARNING - synthesis: Initial value found on net q40_buf[23] will be ignored due to unrecognized driver type
WARNING - synthesis: Initial value found on net q40_buf[22] will be ignored due to unrecognized driver type
WARNING - synthesis: Initial value found on net q40_buf[21] will be ignored due to unrecognized driver type
WARNING - synthesis: Initial value found on net q40_buf[20] will be ignored due to unrecognized driver type
WARNING - synthesis: Initial value found on net q40_buf[19] will be ignored due to unrecognized driver type
WARNING - synthesis: Initial value found on net q40_buf[18] will be ignored due to unrecognized driver type
WARNING - synthesis: Initial value found on net q40_buf[17] will be ignored due to unrecognized driver type
WARNING - synthesis: Initial value found on net q40_buf[16] will be ignored due to unrecognized driver type
WARNING - synthesis: Initial value found on net q40_buf[15] will be ignored due to unrecognized driver type
WARNING - synthesis: Initial value found on net q40_buf[14] will be ignored due to unrecognized driver type
WARNING - synthesis: Initial value found on net q40_buf[13] will be ignored due to unrecognized driver type
WARNING - synthesis: Initial value found on net q40_buf[12] will be ignored due to unrecognized driver type
WARNING - synthesis: Initial value found on net q40_buf[11] will be ignored due to unrecognized driver type
WARNING - synthesis: Initial value found on net q40_buf[10] will be ignored due to unrecognized driver type
WARNING - synthesis: Initial value found on net q40_buf[9] will be ignored due to unrecognized driver type
WARNING - synthesis: Initial value found on net q40_buf[8] will be ignored due to unrecognized driver type
WARNING - synthesis: Initial value found on net q40_buf[7] will be ignored due to unrecognized driver type
WARNING - synthesis: Initial value found on net q40_buf[6] will be ignored due to unrecognized driver type
WARNING - synthesis: Initial value found on net q40_buf[5] will be ignored due to unrecognized driver type
WARNING - synthesis: Initial value found on net q40_buf[4] will be ignored due to unrecognized driver type
WARNING - synthesis: Initial value found on net q40_buf[3] will be ignored due to unrecognized driver type
WARNING - synthesis: Initial value found on net q40_buf[2] will be ignored due to unrecognized driver type
WARNING - synthesis: Initial value found on net q40_buf[1] will be ignored due to unrecognized driver type
WARNING - synthesis: Initial value found on net q40_buf[0] will be ignored due to unrecognized driver type
WARNING - synthesis: Initial value found on net locked will be ignored due to unrecognized driver type
WARNING - synthesis: Initial value found on net rx_rdy will be ignored due to unrecognized driver type
WARNING - synthesis: Initial value found on net error_bits[7] will be ignored due to unrecognized driver type
WARNING - synthesis: Initial value found on net error_bits[6] will be ignored due to unrecognized driver type
WARNING - synthesis: Initial value found on net error_bits[5] will be ignored due to unrecognized driver type
WARNING - synthesis: Initial value found on net error_bits[4] will be ignored due to unrecognized driver type
WARNING - synthesis: Initial value found on net error_bits[3] will be ignored due to unrecognized driver type
WARNING - synthesis: Initial value found on net error_bits[2] will be ignored due to unrecognized driver type
WARNING - synthesis: Initial value found on net error_bits[1] will be ignored due to unrecognized driver type
WARNING - synthesis: Initial value found on net error_bits[0] will be ignored due to unrecognized driver type
WARNING - synthesis: Initial value found on net err_per_byte[5] will be ignored due to unrecognized driver type
WARNING - synthesis: Initial value found on net err_per_byte[4] will be ignored due to unrecognized driver type
WARNING - synthesis: Initial value found on net err_per_byte[3] will be ignored due to unrecognized driver type
WARNING - synthesis: Initial value found on net err_per_byte[2] will be ignored due to unrecognized driver type
WARNING - synthesis: Initial value found on net err_per_byte[1] will be ignored due to unrecognized driver type
WARNING - synthesis: Initial value found on net err_per_byte[0] will be ignored due to unrecognized driver type
WARNING - synthesis: Initial value found on net fifo_rd_en will be ignored due to unrecognized driver type
WARNING - synthesis: net n45 does not have a driver. VDB-1002
WARNING - synthesis: net n46 does not have a driver. VDB-1002
WARNING - synthesis: net n47 does not have a driver. VDB-1002
WARNING - synthesis: net n48 does not have a driver. VDB-1002
WARNING - synthesis: net n49 does not have a driver. VDB-1002
WARNING - synthesis: net n50 does not have a driver. VDB-1002
WARNING - synthesis: net n61 does not have a driver. VDB-1002
WARNING - synthesis: net n62 does not have a driver. VDB-1002
WARNING - synthesis: net n63 does not have a driver. VDB-1002
WARNING - synthesis: net n64 does not have a driver. VDB-1002
WARNING - synthesis: net n65 does not have a driver. VDB-1002
WARNING - synthesis: net n66 does not have a driver. VDB-1002
WARNING - synthesis: net n77 does not have a driver. VDB-1002
WARNING - synthesis: net n78 does not have a driver. VDB-1002
WARNING - synthesis: net n79 does not have a driver. VDB-1002
WARNING - synthesis: net n80 does not have a driver. VDB-1002
WARNING - synthesis: net n81 does not have a driver. VDB-1002
WARNING - synthesis: net n82 does not have a driver. VDB-1002
WARNING - synthesis: /home/apurvan/GSoC/BER_measurement_5_Lane/MachXO2/src/calc_ber.vhd(33): net err_per_byte_5__N_654[5] does not have a driver. VDB-1002
######## Converting I/O port FT601_DATA[31] to output.
######## Converting I/O port FT601_DATA[30] to output.
######## Converting I/O port FT601_DATA[29] to output.
######## Converting I/O port FT601_DATA[28] to output.
######## Converting I/O port FT601_DATA[27] to output.
######## Converting I/O port FT601_DATA[26] to output.
######## Converting I/O port FT601_DATA[25] to output.
######## Converting I/O port FT601_DATA[24] to output.
######## Converting I/O port FT601_DATA[23] to output.
######## Converting I/O port FT601_DATA[22] to output.
######## Converting I/O port FT601_DATA[21] to output.
######## Converting I/O port FT601_DATA[20] to output.
######## Converting I/O port FT601_DATA[19] to output.
######## Converting I/O port FT601_DATA[18] to output.
######## Converting I/O port FT601_DATA[17] to output.
######## Converting I/O port FT601_DATA[16] to output.
######## Converting I/O port FT601_DATA[15] to output.
######## Converting I/O port FT601_DATA[14] to output.
######## Converting I/O port FT601_DATA[13] to output.
######## Converting I/O port FT601_DATA[12] to output.
######## Converting I/O port FT601_DATA[11] to output.
######## Converting I/O port FT601_DATA[10] to output.
######## Converting I/O port FT601_DATA[9] to output.
######## Converting I/O port FT601_DATA[8] to output.
######## Converting I/O port FT601_DATA[7] to output.
######## Converting I/O port FT601_DATA[6] to output.
######## Converting I/O port FT601_DATA[5] to output.
######## Converting I/O port FT601_DATA[4] to output.
######## Converting I/O port FT601_DATA[3] to output.
######## Converting I/O port FT601_DATA[2] to output.
######## Converting I/O port FT601_DATA[1] to output.
######## Converting I/O port FT601_DATA[0] to output.
WARNING - synthesis: I/O Port FT601_RXF_N 's net has no driver and is unused.
INFO - synthesis: Extracted state machine for register '\deser_inst/counter' with one-hot encoding
State machine has 8 reachable states with original encodings of:

 000 

 001 

 010 

 011 

 100 

 101 

 110 

 111 

original encoding -> new encoding (one-hot encoding)

 000 -> 00000001

 001 -> 00000010

 010 -> 00000100

 011 -> 00001000

 100 -> 00010000

 101 -> 00100000

 110 -> 01000000

 111 -> 10000000




WARNING - synthesis: I/O Port FT601_RXF_N 's net has no driver and is unused.
WARNING - synthesis: Skipping pad insertion on DATA_LANE[4] due to black_box_pad_pin attribute.
WARNING - synthesis: Skipping pad insertion on DATA_LANE[3] due to black_box_pad_pin attribute.
WARNING - synthesis: Skipping pad insertion on DATA_LANE[2] due to black_box_pad_pin attribute.
WARNING - synthesis: Skipping pad insertion on DATA_LANE[1] due to black_box_pad_pin attribute.
WARNING - synthesis: Skipping pad insertion on DATA_LANE[0] due to black_box_pad_pin attribute.
WARNING - synthesis: Skipping pad insertion on CLK_LANE due to black_box_pad_pin attribute.
WARNING - synthesis: /usr/local/diamond/3.10_x64/ispfpga/vhdl_packages/syn_arit.vhd(928): Register \deser_inst/counter_FSM_i6 is stuck at Zero. VDB-5013
GSR will not be inferred because no asynchronous signal was found in the netlist.
Applying 200.000000 MHz constraint to all clocks

WARNING - synthesis: No user .sdc file.
Results of NGD DRC are available in top_drc.log.
Loading NGL library '/usr/local/diamond/3.10_x64/ispfpga/xo2c00a/data/xo2alib.ngl'...
Loading NGL library '/usr/local/diamond/3.10_x64/ispfpga/xo2c00/data/xo2clib.ngl'...
Loading NGL library '/usr/local/diamond/3.10_x64/ispfpga/mg5g00/data/mg5glib.ngl'...
Loading NGL library '/usr/local/diamond/3.10_x64/ispfpga/or5g00/data/orc5glib.ngl'...
WARNING - synthesis: logical net 'FT601_RXF_N' has no load.
WARNING - synthesis: input pad net 'FT601_RXF_N' has no legal load.
WARNING - synthesis: DRC complete with 2 warnings.
All blocks are expanded and NGD expansion is successful.
Writing NGD file data_transfer_impl1.ngd.

################### Begin Area Report (top)######################
Number of register bits => 387 of 2352 (16 % )
AND2 => 1
CCU2D => 33
CLKDIVC => 1
DELAYE => 5
DLLDELC => 1
DQSDLLC => 1
ECLKSYNCA => 1
FD1P3AX => 77
FD1P3DX => 2
FD1P3IX => 129
FD1P3JX => 25
FD1S3AX => 82
FD1S3BX => 2
FD1S3DX => 14
FD1S3IX => 56
FIFO8KB => 8
GSR => 1
IB => 8
IDDRX4B => 5
INV => 3
LUT4 => 458
OB => 42
OR2 => 1
OSCH => 1
PFUMX => 43
################### End Area Report ##################

################### Begin BlackBox Report ######################
TSALL => 1
################### End BlackBox Report ##################

################### Begin Clock Report ######################
Clock Nets
Number of Clocks: 6
  Net : deser_inst/ddrx4_inst/sclk, loads : 342
  Net : clk_int, loads : 18
  Net : deser_inst/ddrx4_inst/eclko, loads : 7
  Net : FT601_CLK_c, loads : 9
  Net : buf_clk, loads : 1
  Net : deser_inst/ddrx4_inst/eclki, loads : 1
Clock Enable Nets
Number of Clock Enables: 11
Top 10 highest fanout Clock Enables:
  Net : deser_inst/sclk_enable_190, loads : 10
  Net : sclk_enable_230, loads : 7
  Net : deser_inst/sclk_enable_193, loads : 5
  Net : deser_inst/sclk_enable_106, loads : 2
  Net : deser_inst/ddrx4_inst/Inst5_rx_sync/N_161_I, loads : 2
  Net : sclk_enable_104, loads : 1
  Net : deser_inst/sclk_enable_107, loads : 1
  Net : sclk_enable_231, loads : 1
Highest fanout non-clock nets
Top 10 highest fanout non-clock nets:
  Net : sclk_enable_230, loads : 114
  Net : sclk_enable_231, loads : 50
  Net : n6790, loads : 50
  Net : n6789, loads : 50
  Net : deser_inst/n3109, loads : 50
  Net : deser_inst/ddrx4_inst/Inst5_rx_sync/n6573, loads : 48
  Net : deser_inst/n527, loads : 45
  Net : deser_inst/ddrx4_inst/rbyteclk_N_428, loads : 38
  Net : deser_inst/n529, loads : 35
  Net : deser_inst/bit_slip_N_312, loads : 33
################### End Clock Report ##################

Timing Report Summary
--------------
--------------------------------------------------------------------------------
Constraint                              |   Constraint|       Actual|Levels
--------------------------------------------------------------------------------
                                        |             |             |
create_clock -period 5.000000 -name     |             |             |
clk2 [get_nets clk_int]                 |  200.000 MHz|  195.312 MHz|     4 *
                                        |             |             |
create_clock -period 5.000000 -name     |             |             |
clk1 [get_nets FT601_CLK_c]             |  200.000 MHz|  244.798 MHz|     3  
                                        |             |             |
create_clock -period 5.000000 -name     |             |             |
clk0 [get_nets sclk]                    |            -|            -|     0  
                                        |             |             |
--------------------------------------------------------------------------------


1 constraints not met.


Peak Memory Usage: 220.531  MB

--------------------------------------------------------------
Elapsed CPU time for LSE flow : 2.538  secs
--------------------------------------------------------------
